<?xml version="1.0" encoding="UTF-8"?>
<!-- Generated by org.testng.reporters.JUnitXMLReporter -->
<testsuite hostname="HI-Tomo" ignored="0" name="Default test" tests="2" failures="0" timestamp="03 Sep 2021 08:31:21 GMT" time="11.316" errors="0">
  <testcase name="Login_01_Register_To_System" time="2.026" classname="com.bankguru.login.Level_02_Register_Login_Base_Page_3"/>
  <testcase name="Login_02_Login_To_System" time="1.943" classname="com.bankguru.login.Level_02_Register_Login_Base_Page_3"/>
</testsuite> <!-- Default test -->
